{"D:\\AAAAAA MINI PROJECT\\PARKING THING\\backend\\src\\services\\analytics.service.js": {"path":"D:\\AAAAAA MINI PROJECT\\PARKING THING\\backend\\src\\services\\analytics.service.js","statementMap":{"0":{"start":{"line":1,"column":15},"end":{"line":1,"column":38}},"1":{"start":{"line":3,"column":26},"end":{"line":97,"column":1}},"2":{"start":{"line":5,"column":23},"end":{"line":8,"column":6}},"3":{"start":{"line":10,"column":24},"end":{"line":10,"column":49}},"4":{"start":{"line":10,"column":44},"end":{"line":10,"column":48}},"5":{"start":{"line":12,"column":4},"end":{"line":19,"column":5}},"6":{"start":{"line":13,"column":8},"end":{"line":18,"column":10}},"7":{"start":{"line":23,"column":23},"end":{"line":23,"column":33}},"8":{"start":{"line":23,"column":35},"end":{"line":23,"column":67}},"9":{"start":{"line":24,"column":22},"end":{"line":24,"column":32}},"10":{"start":{"line":24,"column":34},"end":{"line":24,"column":77}},"11":{"start":{"line":25,"column":23},"end":{"line":25,"column":33}},"12":{"start":{"line":25,"column":35},"end":{"line":25,"column":82}},"13":{"start":{"line":29,"column":23},"end":{"line":39,"column":5}},"14":{"start":{"line":30,"column":20},"end":{"line":37,"column":10}},"15":{"start":{"line":38,"column":8},"end":{"line":38,"column":47}},"16":{"start":{"line":41,"column":54},"end":{"line":45,"column":6}},"17":{"start":{"line":48,"column":23},"end":{"line":57,"column":6}},"18":{"start":{"line":59,"column":25},"end":{"line":59,"column":26}},"19":{"start":{"line":60,"column":26},"end":{"line":60,"column":27}},"20":{"start":{"line":62,"column":4},"end":{"line":65,"column":7}},"21":{"start":{"line":63,"column":8},"end":{"line":63,"column":80}},"22":{"start":{"line":63,"column":45},"end":{"line":63,"column":80}},"23":{"start":{"line":64,"column":8},"end":{"line":64,"column":82}},"24":{"start":{"line":64,"column":46},"end":{"line":64,"column":82}},"25":{"start":{"line":67,"column":27},"end":{"line":67,"column":59}},"26":{"start":{"line":71,"column":23},"end":{"line":73,"column":6}},"27":{"start":{"line":76,"column":26},"end":{"line":82,"column":6}},"28":{"start":{"line":84,"column":26},"end":{"line":84,"column":81}},"29":{"start":{"line":86,"column":4},"end":{"line":96,"column":6}},"30":{"start":{"line":99,"column":21},"end":{"line":155,"column":1}},"31":{"start":{"line":101,"column":23},"end":{"line":104,"column":6}},"32":{"start":{"line":105,"column":24},"end":{"line":105,"column":49}},"33":{"start":{"line":105,"column":44},"end":{"line":105,"column":48}},"34":{"start":{"line":107,"column":4},"end":{"line":109,"column":5}},"35":{"start":{"line":108,"column":8},"end":{"line":108,"column":92}},"36":{"start":{"line":112,"column":19},"end":{"line":112,"column":21}},"37":{"start":{"line":113,"column":27},"end":{"line":113,"column":29}},"38":{"start":{"line":114,"column":25},"end":{"line":114,"column":27}},"39":{"start":{"line":116,"column":4},"end":{"line":123,"column":5}},"40":{"start":{"line":116,"column":17},"end":{"line":116,"column":25}},"41":{"start":{"line":117,"column":18},"end":{"line":117,"column":28}},"42":{"start":{"line":118,"column":8},"end":{"line":118,"column":35}},"43":{"start":{"line":119,"column":24},"end":{"line":119,"column":53}},"44":{"start":{"line":120,"column":8},"end":{"line":120,"column":75}},"45":{"start":{"line":121,"column":8},"end":{"line":121,"column":36}},"46":{"start":{"line":122,"column":8},"end":{"line":122,"column":34}},"47":{"start":{"line":126,"column":22},"end":{"line":126,"column":32}},"48":{"start":{"line":127,"column":4},"end":{"line":127,"column":54}},"49":{"start":{"line":128,"column":4},"end":{"line":128,"column":35}},"50":{"start":{"line":130,"column":20},"end":{"line":136,"column":6}},"51":{"start":{"line":139,"column":4},"end":{"line":147,"column":7}},"52":{"start":{"line":140,"column":20},"end":{"line":140,"column":65}},"53":{"start":{"line":141,"column":8},"end":{"line":146,"column":9}},"54":{"start":{"line":142,"column":12},"end":{"line":144,"column":13}},"55":{"start":{"line":143,"column":16},"end":{"line":143,"column":69}},"56":{"start":{"line":145,"column":12},"end":{"line":145,"column":35}},"57":{"start":{"line":149,"column":4},"end":{"line":154,"column":6}},"58":{"start":{"line":157,"column":0},"end":{"line":160,"column":2}}},"fnMap":{"0":{"name":"(anonymous_0)","decl":{"start":{"line":3,"column":26},"end":{"line":3,"column":27}},"loc":{"start":{"line":3,"column":48},"end":{"line":97,"column":1}},"line":3},"1":{"name":"(anonymous_1)","decl":{"start":{"line":10,"column":39},"end":{"line":10,"column":40}},"loc":{"start":{"line":10,"column":44},"end":{"line":10,"column":48}},"line":10},"2":{"name":"(anonymous_2)","decl":{"start":{"line":29,"column":23},"end":{"line":29,"column":24}},"loc":{"start":{"line":29,"column":43},"end":{"line":39,"column":5}},"line":29},"3":{"name":"(anonymous_3)","decl":{"start":{"line":62,"column":23},"end":{"line":62,"column":24}},"loc":{"start":{"line":62,"column":32},"end":{"line":65,"column":5}},"line":62},"4":{"name":"(anonymous_4)","decl":{"start":{"line":99,"column":21},"end":{"line":99,"column":22}},"loc":{"start":{"line":99,"column":53},"end":{"line":155,"column":1}},"line":99},"5":{"name":"(anonymous_5)","decl":{"start":{"line":105,"column":39},"end":{"line":105,"column":40}},"loc":{"start":{"line":105,"column":44},"end":{"line":105,"column":48}},"line":105},"6":{"name":"(anonymous_6)","decl":{"start":{"line":139,"column":20},"end":{"line":139,"column":21}},"loc":{"start":{"line":139,"column":30},"end":{"line":147,"column":5}},"line":139}},"branchMap":{"0":{"loc":{"start":{"line":12,"column":4},"end":{"line":19,"column":5}},"type":"if","locations":[{"start":{"line":12,"column":4},"end":{"line":19,"column":5}},{"start":{},"end":{}}],"line":12},"1":{"loc":{"start":{"line":38,"column":22},"end":{"line":38,"column":45}},"type":"binary-expr","locations":[{"start":{"line":38,"column":22},"end":{"line":38,"column":40}},{"start":{"line":38,"column":44},"end":{"line":38,"column":45}}],"line":38},"2":{"loc":{"start":{"line":63,"column":8},"end":{"line":63,"column":80}},"type":"if","locations":[{"start":{"line":63,"column":8},"end":{"line":63,"column":80}},{"start":{},"end":{}}],"line":63},"3":{"loc":{"start":{"line":64,"column":8},"end":{"line":64,"column":82}},"type":"if","locations":[{"start":{"line":64,"column":8},"end":{"line":64,"column":82}},{"start":{},"end":{}}],"line":64},"4":{"loc":{"start":{"line":84,"column":26},"end":{"line":84,"column":81}},"type":"cond-expr","locations":[{"start":{"line":84,"column":43},"end":{"line":84,"column":77}},{"start":{"line":84,"column":80},"end":{"line":84,"column":81}}],"line":84},"5":{"loc":{"start":{"line":99,"column":40},"end":{"line":99,"column":48}},"type":"default-arg","locations":[{"start":{"line":99,"column":47},"end":{"line":99,"column":48}}],"line":99},"6":{"loc":{"start":{"line":107,"column":4},"end":{"line":109,"column":5}},"type":"if","locations":[{"start":{"line":107,"column":4},"end":{"line":109,"column":5}},{"start":{},"end":{}}],"line":107},"7":{"loc":{"start":{"line":141,"column":8},"end":{"line":146,"column":9}},"type":"if","locations":[{"start":{"line":141,"column":8},"end":{"line":146,"column":9}},{"start":{},"end":{}}],"line":141},"8":{"loc":{"start":{"line":142,"column":12},"end":{"line":144,"column":13}},"type":"if","locations":[{"start":{"line":142,"column":12},"end":{"line":144,"column":13}},{"start":{},"end":{}}],"line":142},"9":{"loc":{"start":{"line":143,"column":46},"end":{"line":143,"column":67}},"type":"binary-expr","locations":[{"start":{"line":143,"column":46},"end":{"line":143,"column":62}},{"start":{"line":143,"column":66},"end":{"line":143,"column":67}}],"line":143}},"s":{"0":1,"1":1,"2":2,"3":2,"4":1,"5":2,"6":1,"7":1,"8":1,"9":1,"10":1,"11":1,"12":1,"13":1,"14":3,"15":3,"16":1,"17":1,"18":1,"19":1,"20":1,"21":2,"22":1,"23":2,"24":1,"25":1,"26":1,"27":1,"28":1,"29":1,"30":1,"31":0,"32":0,"33":0,"34":0,"35":0,"36":0,"37":0,"38":0,"39":0,"40":0,"41":0,"42":0,"43":0,"44":0,"45":0,"46":0,"47":0,"48":0,"49":0,"50":0,"51":0,"52":0,"53":0,"54":0,"55":0,"56":0,"57":0,"58":1},"f":{"0":2,"1":1,"2":3,"3":2,"4":0,"5":0,"6":0},"b":{"0":[1,1],"1":[3,0],"2":[1,1],"3":[1,1],"4":[1,0],"5":[0],"6":[0,0],"7":[0,0],"8":[0,0],"9":[0,0]},"_coverageSchema":"1a1c01bbd47fc00a2c39e90264f33305004495a9","hash":"68300d450aecd29a2d9ef8ff3c75f50de06da4aa"}
,"D:\\AAAAAA MINI PROJECT\\PARKING THING\\backend\\src\\services\\pricing.service.js": {"path":"D:\\AAAAAA MINI PROJECT\\PARKING THING\\backend\\src\\services\\pricing.service.js","statementMap":{"0":{"start":{"line":1,"column":15},"end":{"line":1,"column":38}},"1":{"start":{"line":2,"column":17},"end":{"line":2,"column":45}},"2":{"start":{"line":4,"column":28},"end":{"line":73,"column":1}},"3":{"start":{"line":6,"column":21},"end":{"line":9,"column":6}},"4":{"start":{"line":11,"column":4},"end":{"line":13,"column":5}},"5":{"start":{"line":12,"column":8},"end":{"line":12,"column":46}},"6":{"start":{"line":15,"column":15},"end":{"line":15,"column":81}},"7":{"start":{"line":15,"column":50},"end":{"line":15,"column":80}},"8":{"start":{"line":16,"column":4},"end":{"line":25,"column":5}},"9":{"start":{"line":18,"column":29},"end":{"line":18,"column":54}},"10":{"start":{"line":19,"column":8},"end":{"line":21,"column":9}},"11":{"start":{"line":20,"column":12},"end":{"line":20,"column":133}},"12":{"start":{"line":23,"column":8},"end":{"line":23,"column":155}},"13":{"start":{"line":24,"column":8},"end":{"line":24,"column":28}},"14":{"start":{"line":27,"column":23},"end":{"line":27,"column":47}},"15":{"start":{"line":28,"column":21},"end":{"line":28,"column":67}},"16":{"start":{"line":31,"column":23},"end":{"line":31,"column":63}},"17":{"start":{"line":32,"column":26},"end":{"line":32,"column":66}},"18":{"start":{"line":35,"column":18},"end":{"line":35,"column":44}},"19":{"start":{"line":40,"column":4},"end":{"line":48,"column":5}},"20":{"start":{"line":41,"column":21},"end":{"line":41,"column":51}},"21":{"start":{"line":42,"column":31},"end":{"line":42,"column":49}},"22":{"start":{"line":44,"column":25},"end":{"line":44,"column":40}},"23":{"start":{"line":45,"column":29},"end":{"line":45,"column":76}},"24":{"start":{"line":47,"column":8},"end":{"line":47,"column":42}},"25":{"start":{"line":61,"column":23},"end":{"line":61,"column":24}},"26":{"start":{"line":64,"column":21},"end":{"line":64,"column":43}},"27":{"start":{"line":66,"column":4},"end":{"line":72,"column":6}},"28":{"start":{"line":75,"column":0},"end":{"line":77,"column":2}}},"fnMap":{"0":{"name":"(anonymous_0)","decl":{"start":{"line":4,"column":28},"end":{"line":4,"column":29}},"loc":{"start":{"line":4,"column":84},"end":{"line":73,"column":1}},"line":4},"1":{"name":"(anonymous_1)","decl":{"start":{"line":15,"column":43},"end":{"line":15,"column":44}},"loc":{"start":{"line":15,"column":50},"end":{"line":15,"column":80}},"line":15}},"branchMap":{"0":{"loc":{"start":{"line":11,"column":4},"end":{"line":13,"column":5}},"type":"if","locations":[{"start":{"line":11,"column":4},"end":{"line":13,"column":5}},{"start":{},"end":{}}],"line":11},"1":{"loc":{"start":{"line":16,"column":4},"end":{"line":25,"column":5}},"type":"if","locations":[{"start":{"line":16,"column":4},"end":{"line":25,"column":5}},{"start":{},"end":{}}],"line":16},"2":{"loc":{"start":{"line":19,"column":8},"end":{"line":21,"column":9}},"type":"if","locations":[{"start":{"line":19,"column":8},"end":{"line":21,"column":9}},{"start":{},"end":{}}],"line":19},"3":{"loc":{"start":{"line":28,"column":21},"end":{"line":28,"column":67}},"type":"cond-expr","locations":[{"start":{"line":28,"column":38},"end":{"line":28,"column":60}},{"start":{"line":28,"column":63},"end":{"line":28,"column":67}}],"line":28},"4":{"loc":{"start":{"line":40,"column":4},"end":{"line":48,"column":5}},"type":"if","locations":[{"start":{"line":40,"column":4},"end":{"line":48,"column":5}},{"start":{},"end":{}}],"line":40}},"s":{"0":1,"1":1,"2":1,"3":5,"4":5,"5":1,"6":4,"7":3,"8":4,"9":2,"10":2,"11":1,"12":1,"13":1,"14":3,"15":3,"16":3,"17":3,"18":3,"19":3,"20":3,"21":3,"22":3,"23":3,"24":3,"25":3,"26":3,"27":3,"28":1},"f":{"0":5,"1":3},"b":{"0":[1,4],"1":[2,2],"2":[1,1],"3":[3,0],"4":[3,0]},"_coverageSchema":"1a1c01bbd47fc00a2c39e90264f33305004495a9","hash":"02dc5c772353e38e50a27ae1d5ed49277fcc41ea"}
,"D:\\AAAAAA MINI PROJECT\\PARKING THING\\backend\\src\\utils\\AppError.js": {"path":"D:\\AAAAAA MINI PROJECT\\PARKING THING\\backend\\src\\utils\\AppError.js","statementMap":{"0":{"start":{"line":3,"column":4},"end":{"line":3,"column":19}},"1":{"start":{"line":4,"column":4},"end":{"line":4,"column":33}},"2":{"start":{"line":5,"column":4},"end":{"line":5,"column":69}},"3":{"start":{"line":6,"column":4},"end":{"line":6,"column":30}},"4":{"start":{"line":8,"column":4},"end":{"line":8,"column":52}},"5":{"start":{"line":12,"column":0},"end":{"line":12,"column":26}}},"fnMap":{"0":{"name":"(anonymous_0)","decl":{"start":{"line":2,"column":2},"end":{"line":2,"column":3}},"loc":{"start":{"line":2,"column":35},"end":{"line":9,"column":3}},"line":2}},"branchMap":{"0":{"loc":{"start":{"line":5,"column":18},"end":{"line":5,"column":68}},"type":"cond-expr","locations":[{"start":{"line":5,"column":52},"end":{"line":5,"column":58}},{"start":{"line":5,"column":61},"end":{"line":5,"column":68}}],"line":5}},"s":{"0":1,"1":1,"2":1,"3":1,"4":1,"5":1},"f":{"0":1},"b":{"0":[1,0]},"_coverageSchema":"1a1c01bbd47fc00a2c39e90264f33305004495a9","hash":"2e4cbd777aa557779596e506bdd054c1312889ed"}
}
