{"D:\\AAAAAA MINI PROJECT\\PARKING THING\\backend\\src\\services\\analytics.service.js": {"path":"D:\\AAAAAA MINI PROJECT\\PARKING THING\\backend\\src\\services\\analytics.service.js","statementMap":{"0":{"start":{"line":1,"column":15},"end":{"line":1,"column":38}},"1":{"start":{"line":3,"column":26},"end":{"line":81,"column":1}},"2":{"start":{"line":5,"column":23},"end":{"line":8,"column":6}},"3":{"start":{"line":10,"column":24},"end":{"line":10,"column":49}},"4":{"start":{"line":10,"column":44},"end":{"line":10,"column":48}},"5":{"start":{"line":12,"column":4},"end":{"line":19,"column":5}},"6":{"start":{"line":13,"column":8},"end":{"line":18,"column":10}},"7":{"start":{"line":23,"column":23},"end":{"line":23,"column":33}},"8":{"start":{"line":23,"column":35},"end":{"line":23,"column":67}},"9":{"start":{"line":24,"column":22},"end":{"line":24,"column":32}},"10":{"start":{"line":24,"column":34},"end":{"line":24,"column":77}},"11":{"start":{"line":25,"column":23},"end":{"line":25,"column":33}},"12":{"start":{"line":25,"column":35},"end":{"line":25,"column":82}},"13":{"start":{"line":29,"column":23},"end":{"line":39,"column":5}},"14":{"start":{"line":30,"column":20},"end":{"line":37,"column":10}},"15":{"start":{"line":38,"column":8},"end":{"line":38,"column":47}},"16":{"start":{"line":41,"column":54},"end":{"line":45,"column":6}},"17":{"start":{"line":48,"column":27},"end":{"line":53,"column":6}},"18":{"start":{"line":57,"column":23},"end":{"line":59,"column":6}},"19":{"start":{"line":62,"column":26},"end":{"line":68,"column":6}},"20":{"start":{"line":70,"column":26},"end":{"line":70,"column":81}},"21":{"start":{"line":72,"column":4},"end":{"line":80,"column":6}},"22":{"start":{"line":83,"column":0},"end":{"line":85,"column":2}}},"fnMap":{"0":{"name":"(anonymous_0)","decl":{"start":{"line":3,"column":26},"end":{"line":3,"column":27}},"loc":{"start":{"line":3,"column":48},"end":{"line":81,"column":1}},"line":3},"1":{"name":"(anonymous_1)","decl":{"start":{"line":10,"column":39},"end":{"line":10,"column":40}},"loc":{"start":{"line":10,"column":44},"end":{"line":10,"column":48}},"line":10},"2":{"name":"(anonymous_2)","decl":{"start":{"line":29,"column":23},"end":{"line":29,"column":24}},"loc":{"start":{"line":29,"column":43},"end":{"line":39,"column":5}},"line":29}},"branchMap":{"0":{"loc":{"start":{"line":12,"column":4},"end":{"line":19,"column":5}},"type":"if","locations":[{"start":{"line":12,"column":4},"end":{"line":19,"column":5}},{"start":{},"end":{}}],"line":12},"1":{"loc":{"start":{"line":38,"column":22},"end":{"line":38,"column":45}},"type":"binary-expr","locations":[{"start":{"line":38,"column":22},"end":{"line":38,"column":40}},{"start":{"line":38,"column":44},"end":{"line":38,"column":45}}],"line":38},"2":{"loc":{"start":{"line":70,"column":26},"end":{"line":70,"column":81}},"type":"cond-expr","locations":[{"start":{"line":70,"column":43},"end":{"line":70,"column":77}},{"start":{"line":70,"column":80},"end":{"line":70,"column":81}}],"line":70}},"s":{"0":1,"1":1,"2":2,"3":2,"4":1,"5":2,"6":1,"7":1,"8":1,"9":1,"10":1,"11":1,"12":1,"13":1,"14":3,"15":3,"16":1,"17":1,"18":1,"19":1,"20":1,"21":1,"22":1},"f":{"0":2,"1":1,"2":3},"b":{"0":[1,1],"1":[3,0],"2":[1,0]},"_coverageSchema":"1a1c01bbd47fc00a2c39e90264f33305004495a9","hash":"e40fe284896e01944ad7f8e3b8c3c08194d181aa"}
,"D:\\AAAAAA MINI PROJECT\\PARKING THING\\backend\\src\\services\\pricing.service.js": {"path":"D:\\AAAAAA MINI PROJECT\\PARKING THING\\backend\\src\\services\\pricing.service.js","statementMap":{"0":{"start":{"line":1,"column":15},"end":{"line":1,"column":38}},"1":{"start":{"line":3,"column":28},"end":{"line":71,"column":1}},"2":{"start":{"line":5,"column":21},"end":{"line":8,"column":6}},"3":{"start":{"line":10,"column":4},"end":{"line":12,"column":5}},"4":{"start":{"line":11,"column":8},"end":{"line":11,"column":46}},"5":{"start":{"line":14,"column":17},"end":{"line":14,"column":83}},"6":{"start":{"line":14,"column":52},"end":{"line":14,"column":82}},"7":{"start":{"line":15,"column":4},"end":{"line":23,"column":5}},"8":{"start":{"line":17,"column":8},"end":{"line":22,"column":10}},"9":{"start":{"line":25,"column":23},"end":{"line":25,"column":47}},"10":{"start":{"line":26,"column":21},"end":{"line":26,"column":67}},"11":{"start":{"line":29,"column":23},"end":{"line":29,"column":63}},"12":{"start":{"line":30,"column":26},"end":{"line":30,"column":66}},"13":{"start":{"line":33,"column":18},"end":{"line":33,"column":44}},"14":{"start":{"line":38,"column":4},"end":{"line":46,"column":5}},"15":{"start":{"line":39,"column":21},"end":{"line":39,"column":51}},"16":{"start":{"line":40,"column":31},"end":{"line":40,"column":49}},"17":{"start":{"line":42,"column":25},"end":{"line":42,"column":40}},"18":{"start":{"line":43,"column":29},"end":{"line":43,"column":76}},"19":{"start":{"line":45,"column":8},"end":{"line":45,"column":42}},"20":{"start":{"line":59,"column":23},"end":{"line":59,"column":24}},"21":{"start":{"line":62,"column":21},"end":{"line":62,"column":43}},"22":{"start":{"line":64,"column":4},"end":{"line":70,"column":6}},"23":{"start":{"line":73,"column":0},"end":{"line":75,"column":2}}},"fnMap":{"0":{"name":"(anonymous_0)","decl":{"start":{"line":3,"column":28},"end":{"line":3,"column":29}},"loc":{"start":{"line":3,"column":84},"end":{"line":71,"column":1}},"line":3},"1":{"name":"(anonymous_1)","decl":{"start":{"line":14,"column":45},"end":{"line":14,"column":46}},"loc":{"start":{"line":14,"column":52},"end":{"line":14,"column":82}},"line":14}},"branchMap":{"0":{"loc":{"start":{"line":10,"column":4},"end":{"line":12,"column":5}},"type":"if","locations":[{"start":{"line":10,"column":4},"end":{"line":12,"column":5}},{"start":{},"end":{}}],"line":10},"1":{"loc":{"start":{"line":15,"column":4},"end":{"line":23,"column":5}},"type":"if","locations":[{"start":{"line":15,"column":4},"end":{"line":23,"column":5}},{"start":{},"end":{}}],"line":15},"2":{"loc":{"start":{"line":26,"column":21},"end":{"line":26,"column":67}},"type":"cond-expr","locations":[{"start":{"line":26,"column":38},"end":{"line":26,"column":60}},{"start":{"line":26,"column":63},"end":{"line":26,"column":67}}],"line":26},"3":{"loc":{"start":{"line":38,"column":4},"end":{"line":46,"column":5}},"type":"if","locations":[{"start":{"line":38,"column":4},"end":{"line":46,"column":5}},{"start":{},"end":{}}],"line":38}},"s":{"0":1,"1":1,"2":3,"3":3,"4":1,"5":2,"6":2,"7":2,"8":0,"9":2,"10":2,"11":2,"12":2,"13":2,"14":2,"15":2,"16":2,"17":2,"18":2,"19":2,"20":2,"21":2,"22":2,"23":1},"f":{"0":3,"1":2},"b":{"0":[1,2],"1":[0,2],"2":[2,0],"3":[2,0]},"_coverageSchema":"1a1c01bbd47fc00a2c39e90264f33305004495a9","hash":"ededed08b5b7a9cb5a8c69feeffd60b363c07a32"}
}
