TN:
SF:src\services\analytics.service.js
FN:3,(anonymous_0)
FN:10,(anonymous_1)
FN:29,(anonymous_2)
FN:62,(anonymous_3)
FN:99,(anonymous_4)
FN:105,(anonymous_5)
FN:139,(anonymous_6)
FNF:7
FNH:4
FNDA:2,(anonymous_0)
FNDA:1,(anonymous_1)
FNDA:3,(anonymous_2)
FNDA:2,(anonymous_3)
FNDA:0,(anonymous_4)
FNDA:0,(anonymous_5)
FNDA:0,(anonymous_6)
DA:1,1
DA:3,1
DA:5,2
DA:10,2
DA:12,2
DA:13,1
DA:23,1
DA:24,1
DA:25,1
DA:29,1
DA:30,3
DA:38,3
DA:41,1
DA:48,1
DA:59,1
DA:60,1
DA:62,1
DA:63,2
DA:64,2
DA:67,1
DA:71,1
DA:76,1
DA:84,1
DA:86,1
DA:99,1
DA:101,0
DA:105,0
DA:107,0
DA:108,0
DA:112,0
DA:113,0
DA:114,0
DA:116,0
DA:117,0
DA:118,0
DA:119,0
DA:120,0
DA:121,0
DA:122,0
DA:126,0
DA:127,0
DA:128,0
DA:130,0
DA:139,0
DA:140,0
DA:141,0
DA:142,0
DA:143,0
DA:145,0
DA:149,0
DA:157,1
LF:51
LH:26
BRDA:12,0,0,1
BRDA:12,0,1,1
BRDA:38,1,0,3
BRDA:38,1,1,0
BRDA:63,2,0,1
BRDA:63,2,1,1
BRDA:64,3,0,1
BRDA:64,3,1,1
BRDA:84,4,0,1
BRDA:84,4,1,0
BRDA:99,5,0,0
BRDA:107,6,0,0
BRDA:107,6,1,0
BRDA:141,7,0,0
BRDA:141,7,1,0
BRDA:142,8,0,0
BRDA:142,8,1,0
BRDA:143,9,0,0
BRDA:143,9,1,0
BRF:19
BRH:8
end_of_record
TN:
SF:src\services\pricing.service.js
FN:4,(anonymous_0)
FN:15,(anonymous_1)
FNF:2
FNH:2
FNDA:5,(anonymous_0)
FNDA:3,(anonymous_1)
DA:1,1
DA:2,1
DA:4,1
DA:6,5
DA:11,5
DA:12,1
DA:15,4
DA:16,4
DA:18,2
DA:19,2
DA:20,1
DA:23,1
DA:24,1
DA:27,3
DA:28,3
DA:31,3
DA:32,3
DA:35,3
DA:40,3
DA:41,3
DA:42,3
DA:44,3
DA:45,3
DA:47,3
DA:61,3
DA:64,3
DA:66,3
DA:75,1
LF:28
LH:28
BRDA:11,0,0,1
BRDA:11,0,1,4
BRDA:16,1,0,2
BRDA:16,1,1,2
BRDA:19,2,0,1
BRDA:19,2,1,1
BRDA:28,3,0,3
BRDA:28,3,1,0
BRDA:40,4,0,3
BRDA:40,4,1,0
BRF:10
BRH:8
end_of_record
TN:
SF:src\utils\AppError.js
FN:2,(anonymous_0)
FNF:1
FNH:1
FNDA:1,(anonymous_0)
DA:3,1
DA:4,1
DA:5,1
DA:6,1
DA:8,1
DA:12,1
LF:6
LH:6
BRDA:5,0,0,1
BRDA:5,0,1,0
BRF:2
BRH:1
end_of_record
