TN:
SF:src\services\analytics.service.js
FN:3,(anonymous_0)
FN:10,(anonymous_1)
FN:29,(anonymous_2)
FNF:3
FNH:3
FNDA:2,(anonymous_0)
FNDA:1,(anonymous_1)
FNDA:3,(anonymous_2)
DA:1,1
DA:3,1
DA:5,2
DA:10,2
DA:12,2
DA:13,1
DA:23,1
DA:24,1
DA:25,1
DA:29,1
DA:30,3
DA:38,3
DA:41,1
DA:48,1
DA:57,1
DA:62,1
DA:70,1
DA:72,1
DA:83,1
LF:19
LH:19
BRDA:12,0,0,1
BRDA:12,0,1,1
BRDA:38,1,0,3
BRDA:38,1,1,0
BRDA:70,2,0,1
BRDA:70,2,1,0
BRF:6
BRH:4
end_of_record
TN:
SF:src\services\pricing.service.js
FN:3,(anonymous_0)
FN:14,(anonymous_1)
FNF:2
FNH:2
FNDA:3,(anonymous_0)
FNDA:2,(anonymous_1)
DA:1,1
DA:3,1
DA:5,3
DA:10,3
DA:11,1
DA:14,2
DA:15,2
DA:17,0
DA:25,2
DA:26,2
DA:29,2
DA:30,2
DA:33,2
DA:38,2
DA:39,2
DA:40,2
DA:42,2
DA:43,2
DA:45,2
DA:59,2
DA:62,2
DA:64,2
DA:73,1
LF:23
LH:22
BRDA:10,0,0,1
BRDA:10,0,1,2
BRDA:15,1,0,0
BRDA:15,1,1,2
BRDA:26,2,0,2
BRDA:26,2,1,0
BRDA:38,3,0,2
BRDA:38,3,1,0
BRF:8
BRH:5
end_of_record
